<?xml version="1.0" encoding="UTF-8"?>
<!-- Generated by org.testng.reporters.JUnitReportReporter -->
<testsuite hostname="DESKTOP-LFBGPTD" failures="0" tests="2" name="testCases.LoginPageTest" time="14.087" errors="0" timestamp="2024-10-08T15:30:38 IST" skipped="0">
  <testcase classname="testCases.LoginPageTest" name="verifyLoginWithValidCredentials" time="5.343"/>
  <testcase classname="testCases.LoginPageTest" name="verifyLoginWithInValidCredentials" time="8.744"/>
</testsuite> <!-- testCases.LoginPageTest -->
