<?xml version="1.0" encoding="UTF-8"?>
<!-- Generated by org.testng.reporters.JUnitReportReporter -->
<testsuite hostname="DESKTOP-LFBGPTD" failures="0" tests="1" name="testCases.ManageNewsTest" time="15.614" errors="0" timestamp="2024-11-03T23:34:12 IST" skipped="0">
  <testcase classname="testCases.ManageNewsTest" name="addNews" time="15.614"/>
  <system-out/>
</testsuite> <!-- testCases.ManageNewsTest -->
