<?xml version="1.0" encoding="UTF-8"?>
<!-- Generated by org.testng.reporters.JUnitReportReporter -->
<testsuite hostname="DESKTOP-LFBGPTD" failures="0" tests="2" name="testCases.ManageContactTest" time="6.000" errors="0" timestamp="2024-11-03T11:07:01 IST" skipped="1">
  <testcase classname="testCases.ManageContactTest" name="updateWithoutMandatoryFields" time="6.000"/>
  <system-out/>
  <testcase classname="testCases.ManageContactTest" name="updateContact">
    <skipped/>
  </testcase> <!-- updateContact -->
  <system-out/>
</testsuite> <!-- testCases.ManageContactTest -->
