<?xml version="1.0" encoding="UTF-8"?>
<!-- Generated by org.testng.reporters.JUnitReportReporter -->
<testsuite hostname="DESKTOP-LFBGPTD" failures="0" tests="2" name="testCases.LoginPageTest" time="7.246" errors="0" timestamp="2024-11-03T10:23:18 IST" skipped="0">
  <testcase classname="testCases.LoginPageTest" name="verifyLoginWithInValidCredentials" time="3.560"/>
  <system-out/>
  <testcase classname="testCases.LoginPageTest" name="verifyLoginWithValidCredentials" time="3.686"/>
  <system-out/>
</testsuite> <!-- testCases.LoginPageTest -->
