<?xml version="1.0" encoding="UTF-8"?>
<!-- Generated by org.testng.reporters.JUnitReportReporter -->
<testsuite hostname="DESKTOP-LFBGPTD" failures="0" tests="6" name="testCases.SubCategoryTest" time="17.271" errors="0" timestamp="2024-11-03T08:35:41 IST" skipped="4">
  <testcase classname="testCases.SubCategoryTest" name="addSubCategory" time="6.850"/>
  <system-out/>
  <testcase classname="testCases.SubCategoryTest" name="addSubCategory" time="10.421"/>
  <system-out/>
  <testcase classname="testCases.SubCategoryTest" name="deleteSubCategory">
    <skipped/>
  </testcase> <!-- deleteSubCategory -->
  <system-out/>
  <testcase classname="testCases.SubCategoryTest" name="searchSubCategory">
    <skipped/>
  </testcase> <!-- searchSubCategory -->
  <system-out/>
  <testcase classname="testCases.SubCategoryTest" name="deleteSubCategory">
    <skipped/>
  </testcase> <!-- deleteSubCategory -->
  <system-out/>
  <testcase classname="testCases.SubCategoryTest" name="searchSubCategory">
    <skipped/>
  </testcase> <!-- searchSubCategory -->
  <system-out/>
</testsuite> <!-- testCases.SubCategoryTest -->
