<?xml version="1.0" encoding="UTF-8"?>
<!-- Generated by org.testng.reporters.JUnitReportReporter -->
<testsuite hostname="DESKTOP-LFBGPTD" failures="0" tests="6" name="basicTestNg.DataProviderTest" time="0.249" errors="0" timestamp="2024-09-25T08:01:01 IST" skipped="0">
  <testcase classname="basicTestNg.DataProviderTest" name="testCase01" time="0.046"/>
  <testcase classname="basicTestNg.DataProviderTest" name="testCase02" time="0.041"/>
  <testcase classname="basicTestNg.DataProviderTest" name="testCase01" time="0.060"/>
  <testcase classname="basicTestNg.DataProviderTest" name="testCase01" time="0.016"/>
  <testcase classname="basicTestNg.DataProviderTest" name="testCase02" time="0.004"/>
  <testcase classname="basicTestNg.DataProviderTest" name="testCase02" time="0.082"/>
</testsuite> <!-- basicTestNg.DataProviderTest -->
