<?xml version="1.0" encoding="UTF-8"?>
<!-- Generated by org.testng.reporters.JUnitReportReporter -->
<testsuite hostname="DESKTOP-LFBGPTD" failures="0" tests="1" name="basicTestNg.ScrollTest" time="0.084" errors="0" timestamp="2024-09-30T07:20:08 IST" skipped="0">
  <testcase classname="basicTestNg.ScrollTest" name="f" time="0.084"/>
</testsuite> <!-- basicTestNg.ScrollTest -->
