<?xml version="1.0" encoding="UTF-8"?>
<!-- Generated by org.testng.reporters.JUnitReportReporter -->
<testsuite hostname="DESKTOP-LFBGPTD" failures="0" tests="3" name="basicTestNg.BasicAnnotation" time="0.023" errors="0" timestamp="2024-10-10T00:42:04 IST" skipped="0">
  <testcase classname="basicTestNg.BasicAnnotation" name="testCase01" time="0.015"/>
  <testcase classname="basicTestNg.BasicAnnotation" name="testCase02" time="0.003"/>
  <testcase classname="basicTestNg.BasicAnnotation" name="testCase03" time="0.005"/>
</testsuite> <!-- basicTestNg.BasicAnnotation -->
