<?xml version="1.0" encoding="UTF-8"?>
<!-- Generated by org.testng.reporters.JUnitReportReporter -->
<testsuite hostname="DESKTOP-LFBGPTD" failures="0" tests="2" name="basicTestNg.DataP" time="0.016" errors="0" timestamp="2024-09-25T02:29:13 IST" skipped="0">
  <testcase classname="basicTestNg.DataP" name="welcome" time="0.012"/>
  <testcase classname="basicTestNg.DataP" name="welcome" time="0.004"/>
</testsuite> <!-- basicTestNg.DataP -->
