<?xml version="1.0" encoding="UTF-8"?>
<!-- Generated by org.testng.reporters.JUnitReportReporter -->
<testsuite hostname="DESKTOP-LFBGPTD" failures="0" tests="3" name="basicTestNg.BasicAnnotation" time="0.113" errors="0" timestamp="2024-09-25T08:01:01 IST" skipped="0">
  <testcase classname="basicTestNg.BasicAnnotation" name="testCase02" time="0.023"/>
  <testcase classname="basicTestNg.BasicAnnotation" name="testCase01" time="0.052"/>
  <testcase classname="basicTestNg.BasicAnnotation" name="testCase03" time="0.038"/>
</testsuite> <!-- basicTestNg.BasicAnnotation -->
