<?xml version="1.0" encoding="UTF-8"?>
<!-- Generated by org.testng.reporters.JUnitReportReporter -->
<testsuite hostname="DESKTOP-LFBGPTD" failures="0" tests="2" name="basicTestNg.BeforeAndAfterAnnotations" time="0.059" errors="0" timestamp="2024-09-25T08:01:01 IST" skipped="0">
  <testcase classname="basicTestNg.BeforeAndAfterAnnotations" name="testCase03" time="0.028"/>
  <testcase classname="basicTestNg.BeforeAndAfterAnnotations" name="testCase02" time="0.031"/>
</testsuite> <!-- basicTestNg.BeforeAndAfterAnnotations -->
