<?xml version="1.0" encoding="UTF-8"?>
<!-- Generated by org.testng.reporters.JUnitReportReporter -->
<testsuite hostname="DESKTOP-LFBGPTD" failures="0" tests="3" name="basicTestNg.BeforeAndAfterAnnotations" time="0.012" errors="0" timestamp="2024-10-10T00:42:04 IST" skipped="0">
  <testcase classname="basicTestNg.BeforeAndAfterAnnotations" name="testCase10" time="0.005"/>
  <testcase classname="basicTestNg.BeforeAndAfterAnnotations" name="testCase03" time="0.001"/>
  <testcase classname="basicTestNg.BeforeAndAfterAnnotations" name="testCase02" time="0.006"/>
</testsuite> <!-- basicTestNg.BeforeAndAfterAnnotations -->
