<?xml version="1.0" encoding="UTF-8"?>
<!-- Generated by org.testng.reporters.JUnitReportReporter -->
<testsuite hostname="DESKTOP-LFBGPTD" failures="0" tests="5" name="basicTestNg.BasicTestNg" time="0.086" errors="0" timestamp="2024-09-25T08:01:01 IST" skipped="2">
  <testcase classname="basicTestNg.BasicTestNg" name="testCase02" time="0.015"/>
  <testcase classname="basicTestNg.BasicTestNg" name="testCase10" time="0.011"/>
  <testcase classname="basicTestNg.BasicTestNg" name="testCase03" time="0.060"/>
  <testcase classname="basicTestNg.BasicTestNg" name="testCase04">
    <skipped/>
  </testcase> <!-- testCase04 -->
  <testcase classname="basicTestNg.BasicTestNg" name="testCase05">
    <skipped/>
  </testcase> <!-- testCase05 -->
</testsuite> <!-- basicTestNg.BasicTestNg -->
