<?xml version="1.0" encoding="UTF-8"?>
<!-- Generated by org.testng.reporters.JUnitReportReporter -->
<testsuite hostname="DESKTOP-LFBGPTD" failures="0" tests="5" name="basicTestNg.BasicTestNg" time="0.007" errors="0" timestamp="2024-10-10T00:42:04 IST" skipped="2">
  <testcase classname="basicTestNg.BasicTestNg" name="testCase02" time="0.002"/>
  <testcase classname="basicTestNg.BasicTestNg" name="testCase10" time="0.002"/>
  <testcase classname="basicTestNg.BasicTestNg" name="testCase03" time="0.003"/>
  <testcase classname="basicTestNg.BasicTestNg" name="testCase05">
    <skipped/>
  </testcase> <!-- testCase05 -->
  <testcase classname="basicTestNg.BasicTestNg" name="testCase04">
    <skipped/>
  </testcase> <!-- testCase04 -->
</testsuite> <!-- basicTestNg.BasicTestNg -->
