<?xml version="1.0" encoding="UTF-8"?>
<!-- Generated by org.testng.reporters.JUnitReportReporter -->
<testsuite hostname="DESKTOP-LFBGPTD" failures="0" tests="6" name="basicTestNg.DataProviderTest" time="0.020" errors="0" timestamp="2024-10-10T00:42:04 IST" skipped="0">
  <testcase classname="basicTestNg.DataProviderTest" name="testCase01" time="0.008"/>
  <testcase classname="basicTestNg.DataProviderTest" name="testCase02" time="0.003"/>
  <testcase classname="basicTestNg.DataProviderTest" name="testCase01" time="0.002"/>
  <testcase classname="basicTestNg.DataProviderTest" name="testCase02" time="0.003"/>
  <testcase classname="basicTestNg.DataProviderTest" name="testCase01" time="0.002"/>
  <testcase classname="basicTestNg.DataProviderTest" name="testCase02" time="0.002"/>
</testsuite> <!-- basicTestNg.DataProviderTest -->
